kotlin version: 2.0.21
error message: org.jetbrains.kotlin.backend.common.BackendException: Backend Internal error: Exception during IR lowering
File being compiled: C:/Music PRAVILNIY/Music/app/src/main/java/com/example/musicplayer/MainActivity.kt
The root cause java.lang.RuntimeException was thrown at: org.jetbrains.kotlin.backend.jvm.codegen.FunctionCodegen.generate(FunctionCodegen.kt:47)
	at org.jetbrains.kotlin.backend.common.CodegenUtil.reportBackendException(CodegenUtil.kt:253)
	at org.jetbrains.kotlin.backend.common.CodegenUtil.reportBackendException$default(CodegenUtil.kt:236)
	at org.jetbrains.kotlin.backend.common.phaser.PerformByIrFilePhase.invokeSequential(performByIrFile.kt:65)
	at org.jetbrains.kotlin.backend.common.phaser.PerformByIrFilePhase.invoke(performByIrFile.kt:52)
	at org.jetbrains.kotlin.backend.common.phaser.PerformByIrFilePhase.invoke(performByIrFile.kt:38)
	at org.jetbrains.kotlin.backend.common.phaser.NamedCompilerPhase.phaseBody(CompilerPhase.kt:166)
	at org.jetbrains.kotlin.backend.common.phaser.AbstractNamedCompilerPhase.invoke(CompilerPhase.kt:113)
	at org.jetbrains.kotlin.backend.common.phaser.CompositePhase.invoke(PhaseBuilders.kt:27)
	at org.jetbrains.kotlin.backend.common.phaser.CompositePhase.invoke(PhaseBuilders.kt:14)
	at org.jetbrains.kotlin.backend.common.phaser.NamedCompilerPhase.phaseBody(CompilerPhase.kt:166)
	at org.jetbrains.kotlin.backend.common.phaser.AbstractNamedCompilerPhase.invoke(CompilerPhase.kt:113)
	at org.jetbrains.kotlin.backend.common.phaser.CompilerPhaseKt.invokeToplevel(CompilerPhase.kt:62)
	at org.jetbrains.kotlin.backend.jvm.JvmIrCodegenFactory.invokeCodegen(JvmIrCodegenFactory.kt:371)
	at org.jetbrains.kotlin.codegen.CodegenFactory.generateModule(CodegenFactory.kt:47)
	at org.jetbrains.kotlin.backend.jvm.JvmIrCodegenFactory.generateModuleInFrontendIRMode(JvmIrCodegenFactory.kt:433)
	at org.jetbrains.kotlin.cli.jvm.compiler.pipeline.JvmCompilerPipelineKt.generateCodeFromIr(jvmCompilerPipeline.kt:246)
	at org.jetbrains.kotlin.cli.jvm.compiler.pipeline.JvmCompilerPipelineKt.compileModulesUsingFrontendIrAndLightTree(jvmCompilerPipeline.kt:142)
	at org.jetbrains.kotlin.cli.jvm.K2JVMCompiler.doExecute(K2JVMCompiler.kt:148)
	at org.jetbrains.kotlin.cli.jvm.K2JVMCompiler.doExecute(K2JVMCompiler.kt:43)
	at org.jetbrains.kotlin.cli.common.CLICompiler.execImpl(CLICompiler.kt:103)
	at org.jetbrains.kotlin.cli.common.CLICompiler.execImpl(CLICompiler.kt:49)
	at org.jetbrains.kotlin.cli.common.CLITool.exec(CLITool.kt:101)
	at org.jetbrains.kotlin.incremental.IncrementalJvmCompilerRunner.runCompiler(IncrementalJvmCompilerRunner.kt:464)
	at org.jetbrains.kotlin.incremental.IncrementalJvmCompilerRunner.runCompiler(IncrementalJvmCompilerRunner.kt:73)
	at org.jetbrains.kotlin.incremental.IncrementalCompilerRunner.doCompile(IncrementalCompilerRunner.kt:506)
	at org.jetbrains.kotlin.incremental.IncrementalCompilerRunner.compileImpl(IncrementalCompilerRunner.kt:423)
	at org.jetbrains.kotlin.incremental.IncrementalCompilerRunner.tryCompileIncrementally$lambda$9$compile(IncrementalCompilerRunner.kt:249)
	at org.jetbrains.kotlin.incremental.IncrementalCompilerRunner.tryCompileIncrementally(IncrementalCompilerRunner.kt:267)
	at org.jetbrains.kotlin.incremental.IncrementalCompilerRunner.compile(IncrementalCompilerRunner.kt:120)
	at org.jetbrains.kotlin.daemon.CompileServiceImplBase.execIncrementalCompiler(CompileServiceImpl.kt:675)
	at org.jetbrains.kotlin.daemon.CompileServiceImplBase.access$execIncrementalCompiler(CompileServiceImpl.kt:92)
	at org.jetbrains.kotlin.daemon.CompileServiceImpl.compile(CompileServiceImpl.kt:1660)
	at java.base/jdk.internal.reflect.DirectMethodHandleAccessor.invoke(Unknown Source)
	at java.base/java.lang.reflect.Method.invoke(Unknown Source)
	at java.rmi/sun.rmi.server.UnicastServerRef.dispatch(Unknown Source)
	at java.rmi/sun.rmi.transport.Transport$1.run(Unknown Source)
	at java.rmi/sun.rmi.transport.Transport$1.run(Unknown Source)
	at java.base/java.security.AccessController.doPrivileged(Unknown Source)
	at java.rmi/sun.rmi.transport.Transport.serviceCall(Unknown Source)
	at java.rmi/sun.rmi.transport.tcp.TCPTransport.handleMessages(Unknown Source)
	at java.rmi/sun.rmi.transport.tcp.TCPTransport$ConnectionHandler.run0(Unknown Source)
	at java.rmi/sun.rmi.transport.tcp.TCPTransport$ConnectionHandler.lambda$run$0(Unknown Source)
	at java.base/java.security.AccessController.doPrivileged(Unknown Source)
	at java.rmi/sun.rmi.transport.tcp.TCPTransport$ConnectionHandler.run(Unknown Source)
	at java.base/java.util.concurrent.ThreadPoolExecutor.runWorker(Unknown Source)
	at java.base/java.util.concurrent.ThreadPoolExecutor$Worker.run(Unknown Source)
	at java.base/java.lang.Thread.run(Unknown Source)
Caused by: java.lang.RuntimeException: Exception while generating code for:
FUN name:setupRecommendedPlaylists visibility:private modality:FINAL <> ($this:com.example.musicplayer.MainActivity) returnType:kotlin.Unit
  $this: VALUE_PARAMETER name:<this> type:com.example.musicplayer.MainActivity
  BLOCK_BODY
    CALL 'public open fun removeAllViews (): kotlin.Unit [fake_override] declared in android.widget.LinearLayout' type=kotlin.Unit origin=null
      $this: BLOCK type=android.widget.LinearLayout origin=FOLDED_ELVIS
        WHEN type=android.widget.LinearLayout origin=FOLDED_ELVIS
          BRANCH
            if: COMPOSITE type=kotlin.Boolean origin=null
              VAR IR_TEMPORARY_VARIABLE name:tmp0 type:android.widget.LinearLayout? [val]
                GET_FIELD 'FIELD PROPERTY_BACKING_FIELD name:recommendedPlaylistsContainer type:android.widget.LinearLayout? visibility:private' type=android.widget.LinearLayout? origin=null
                  receiver: GET_VAR '<this>: com.example.musicplayer.MainActivity declared in com.example.musicplayer.MainActivity.setupRecommendedPlaylists' type=com.example.musicplayer.MainActivity origin=null
              CALL 'public final fun not (): kotlin.Boolean [operator] declared in kotlin.Boolean' type=kotlin.Boolean origin=null
                $this: CALL 'public final fun EQEQ (arg0: kotlin.Any?, arg1: kotlin.Any?): kotlin.Boolean declared in kotlin.internal.ir' type=kotlin.Boolean origin=null
                  arg0: GET_VAR 'val tmp0: android.widget.LinearLayout? [val] declared in com.example.musicplayer.MainActivity.setupRecommendedPlaylists' type=android.widget.LinearLayout? origin=null
                  arg1: CONST Null type=kotlin.Nothing? value=null
            then: GET_VAR 'val tmp0: android.widget.LinearLayout? [val] declared in com.example.musicplayer.MainActivity.setupRecommendedPlaylists' type=android.widget.LinearLayout? origin=null
          BRANCH
            if: CONST Boolean type=kotlin.Boolean value=true
            then: BLOCK type=kotlin.Unit origin=null
              CALL 'public final fun throwUninitializedPropertyAccessException (propertyName: kotlin.String): kotlin.Unit declared in kotlin.jvm.internal.Intrinsics' type=kotlin.Unit origin=null
                propertyName: CONST String type=kotlin.String value="recommendedPlaylistsContainer"
    VAR name:playlists type:kotlin.collections.List<kotlin.Pair<kotlin.String, kotlin.String>> [val]
      CALL 'public final fun listOf <T> (vararg elements: T of kotlin.collections.CollectionsKt.listOf): kotlin.collections.List<T of kotlin.collections.CollectionsKt.listOf> declared in kotlin.collections.CollectionsKt' type=kotlin.collections.List<kotlin.Pair<kotlin.String, kotlin.String>> origin=null
        <T>: kotlin.Pair<kotlin.String, kotlin.String>
        elements: BLOCK type=kotlin.Array<out kotlin.Pair<kotlin.String, kotlin.String>> origin=null
          VAR IR_TEMPORARY_VARIABLE name:tmp0 type:kotlin.Array<out kotlin.Pair<kotlin.String, kotlin.String>> [val]
            CALL 'public final fun arrayOfNulls <T> (size: kotlin.Int): kotlin.Array<T of kotlin.arrayOfNulls?> declared in kotlin' type=kotlin.Array<out kotlin.Pair<kotlin.String, kotlin.String>> origin=null
              <T>: kotlin.Pair<kotlin.String, kotlin.String>
              size: CONST Int type=kotlin.Int value=3
          CALL 'public final fun set (index: kotlin.Int, value: T of kotlin.Array): kotlin.Unit [operator] declared in kotlin.Array' type=kotlin.Unit origin=null
            $this: GET_VAR 'val tmp0: kotlin.Array<out kotlin.Pair<kotlin.String, kotlin.String>> [val] declared in com.example.musicplayer.MainActivity.setupRecommendedPlaylists' type=kotlin.Array<out kotlin.Pair<kotlin.String, kotlin.String>> origin=null
            index: CONST Int type=kotlin.Int value=0
            value: CALL 'public final fun to <A, B> (that: B of kotlin.TuplesKt.to): kotlin.Pair<A of kotlin.TuplesKt.to, B of kotlin.TuplesKt.to> [infix] declared in kotlin.TuplesKt' type=kotlin.Pair<kotlin.String, kotlin.String> origin=null
              <A>: kotlin.String
              <B>: kotlin.String
              $receiver: CONST String type=kotlin.String value="По дороге на учёбу"
              that: CONST String type=kotlin.String value="Идеальный саундтрек для утренней дороги"
          CALL 'public final fun set (index: kotlin.Int, value: T of kotlin.Array): kotlin.Unit [operator] declared in kotlin.Array' type=kotlin.Unit origin=null
            $this: GET_VAR 'val tmp0: kotlin.Array<out kotlin.Pair<kotlin.String, kotlin.String>> [val] declared in com.example.musicplayer.MainActivity.setupRecommendedPlaylists' type=kotlin.Array<out kotlin.Pair<kotlin.String, kotlin.String>> origin=null
            index: CONST Int type=kotlin.Int value=1
            value: CALL 'public final fun to <A, B> (that: B of kotlin.TuplesKt.to): kotlin.Pair<A of kotlin.TuplesKt.to, B of kotlin.TuplesKt.to> [infix] declared in kotlin.TuplesKt' type=kotlin.Pair<kotlin.String, kotlin.String> origin=null
              <A>: kotlin.String
              <B>: kotlin.String
              $receiver: CONST String type=kotlin.String value="Идеальное УТВО"
              that: CONST String type=kotlin.String value="Для продуктивной работы и учебы"
          CALL 'public final fun set (index: kotlin.Int, value: T of kotlin.Array): kotlin.Unit [operator] declared in kotlin.Array' type=kotlin.Unit origin=null
            $this: GET_VAR 'val tmp0: kotlin.Array<out kotlin.Pair<kotlin.String, kotlin.String>> [val] declared in com.example.musicplayer.MainActivity.setupRecommendedPlaylists' type=kotlin.Array<out kotlin.Pair<kotlin.String, kotlin.String>> origin=null
            index: CONST Int type=kotlin.Int value=2
            value: CALL 'public final fun to <A, B> (that: B of kotlin.TuplesKt.to): kotlin.Pair<A of kotlin.TuplesKt.to, B of kotlin.TuplesKt.to> [infix] declared in kotlin.TuplesKt' type=kotlin.Pair<kotlin.String, kotlin.String> origin=null
              <A>: kotlin.String
              <B>: kotlin.String
              $receiver: CONST String type=kotlin.String value="Ежедневная тренировка"
              that: CONST String type=kotlin.String value="Энергичные треки для спорта"
          GET_VAR 'val tmp0: kotlin.Array<out kotlin.Pair<kotlin.String, kotlin.String>> [val] declared in com.example.musicplayer.MainActivity.setupRecommendedPlaylists' type=kotlin.Array<out kotlin.Pair<kotlin.String, kotlin.String>> origin=null
    CALL 'public final fun forEach <T> (action: kotlin.Function1<T of kotlin.collections.CollectionsKt.forEach, kotlin.Unit>): kotlin.Unit [inline] declared in kotlin.collections.CollectionsKt' type=kotlin.Unit origin=null
      <T>: kotlin.Pair<kotlin.String, kotlin.String>
      $receiver: GET_VAR 'val playlists: kotlin.collections.List<kotlin.Pair<kotlin.String, kotlin.String>> [val] declared in com.example.musicplayer.MainActivity.setupRecommendedPlaylists' type=kotlin.collections.List<kotlin.Pair<kotlin.String, kotlin.String>> origin=null
      action: BLOCK type=kotlin.Function1<kotlin.Pair<kotlin.String, kotlin.String>, kotlin.Unit> origin=LAMBDA
        COMPOSITE type=kotlin.Unit origin=null
        FUNCTION_REFERENCE 'private final fun setupRecommendedPlaylists$lambda$12 (this$0: com.example.musicplayer.MainActivity, <destruct>: kotlin.Pair<kotlin.String, kotlin.String>): kotlin.Unit declared in com.example.musicplayer.MainActivity' type=kotlin.Function1<kotlin.Pair<kotlin.String, kotlin.String>, kotlin.Unit> origin=INLINE_LAMBDA reflectionTarget=null
          this$0: GET_VAR '<this>: com.example.musicplayer.MainActivity declared in com.example.musicplayer.MainActivity.setupRecommendedPlaylists' type=com.example.musicplayer.MainActivity origin=null

	at org.jetbrains.kotlin.backend.jvm.codegen.FunctionCodegen.generate(FunctionCodegen.kt:47)
	at org.jetbrains.kotlin.backend.jvm.codegen.FunctionCodegen.generate$default(FunctionCodegen.kt:40)
	at org.jetbrains.kotlin.backend.jvm.codegen.ClassCodegen.generateMethodNode(ClassCodegen.kt:406)
	at org.jetbrains.kotlin.backend.jvm.codegen.ClassCodegen.generateMethod(ClassCodegen.kt:423)
	at org.jetbrains.kotlin.backend.jvm.codegen.ClassCodegen.generate(ClassCodegen.kt:168)
	at org.jetbrains.kotlin.backend.jvm.FileCodegen.lower(JvmPhases.kt:39)
	at org.jetbrains.kotlin.backend.common.phaser.PhaseFactoriesKt.createFilePhase$lambda$4(PhaseFactories.kt:71)
	at org.jetbrains.kotlin.backend.common.phaser.PhaseBuildersKt$createSimpleNamedCompilerPhase$1.phaseBody(PhaseBuilders.kt:69)
	at org.jetbrains.kotlin.backend.common.phaser.SimpleNamedCompilerPhase.phaseBody(CompilerPhase.kt:226)
	at org.jetbrains.kotlin.backend.common.phaser.AbstractNamedCompilerPhase.invoke(CompilerPhase.kt:113)
	at org.jetbrains.kotlin.backend.common.phaser.PerformByIrFilePhase.invokeSequential(performByIrFile.kt:62)
	... 44 more
Caused by: java.lang.RuntimeException: Exception while generating code for:
FUN INLINE_LAMBDA name:setupRecommendedPlaylists$lambda$12 visibility:private modality:FINAL <> (this$0:com.example.musicplayer.MainActivity, <destruct>:kotlin.Pair<kotlin.String, kotlin.String>) returnType:kotlin.Unit
  VALUE_PARAMETER BOUND_VALUE_PARAMETER name:this$0 index:0 type:com.example.musicplayer.MainActivity
  VALUE_PARAMETER DESTRUCTURED_OBJECT_PARAMETER name:<destruct> index:1 type:kotlin.Pair<kotlin.String, kotlin.String>
  BLOCK_BODY
    VAR name:$i$a$-forEach-MainActivity$setupRecommendedPlaylists$1 type:kotlin.Int [val]
      CONST Int type=kotlin.Int value=0
    VAR name:title type:kotlin.String [val]
      CALL 'public final fun component1 (): A of kotlin.Pair [operator] declared in kotlin.Pair' type=kotlin.String origin=COMPONENT_N(index=1)
        $this: GET_VAR '<destruct>: kotlin.Pair<kotlin.String, kotlin.String> declared in com.example.musicplayer.MainActivity.setupRecommendedPlaylists$lambda$12' type=kotlin.Pair<kotlin.String, kotlin.String> origin=null
    VAR name:description type:kotlin.String [val]
      CALL 'public final fun component2 (): B of kotlin.Pair [operator] declared in kotlin.Pair' type=kotlin.String origin=COMPONENT_N(index=2)
        $this: GET_VAR '<destruct>: kotlin.Pair<kotlin.String, kotlin.String> declared in com.example.musicplayer.MainActivity.setupRecommendedPlaylists$lambda$12' type=kotlin.Pair<kotlin.String, kotlin.String> origin=null
    BLOCK type=kotlin.Unit origin=null
      VAR name:cardView type:androidx.cardview.widget.CardView [val]
        CALL 'public final fun apply <T> (block: @[ExtensionFunctionType] kotlin.Function1<T of kotlin.StandardKt.apply, kotlin.Unit>): T of kotlin.StandardKt.apply [inline] declared in kotlin.StandardKt' type=androidx.cardview.widget.CardView origin=null
          <T>: androidx.cardview.widget.CardView
          $receiver: CONSTRUCTOR_CALL 'public constructor <init> (p0: @[EnhancedNullability] android.content.Context) declared in androidx.cardview.widget.CardView' type=androidx.cardview.widget.CardView origin=null
            p0: GET_VAR 'this$0: com.example.musicplayer.MainActivity declared in com.example.musicplayer.MainActivity.setupRecommendedPlaylists$lambda$12' type=com.example.musicplayer.MainActivity origin=null
          block: BLOCK type=@[ExtensionFunctionType] kotlin.Function1<androidx.cardview.widget.CardView, kotlin.Unit> origin=LAMBDA
            COMPOSITE type=kotlin.Unit origin=null
            FUNCTION_REFERENCE 'private final fun setupRecommendedPlaylists$lambda$12$lambda$11 (this$0: com.example.musicplayer.MainActivity, $title: kotlin.String, $description: kotlin.String): kotlin.Unit declared in com.example.musicplayer.MainActivity' type=@[ExtensionFunctionType] kotlin.Function1<androidx.cardview.widget.CardView, kotlin.Unit> origin=INLINE_LAMBDA reflectionTarget=null
              this$0: GET_VAR 'this$0: com.example.musicplayer.MainActivity declared in com.example.musicplayer.MainActivity.setupRecommendedPlaylists$lambda$12' type=com.example.musicplayer.MainActivity origin=null
              $title: GET_VAR 'val title: kotlin.String [val] declared in com.example.musicplayer.MainActivity.setupRecommendedPlaylists$lambda$12' type=kotlin.String origin=null
              $description: GET_VAR 'val description: kotlin.String [val] declared in com.example.musicplayer.MainActivity.setupRecommendedPlaylists$lambda$12' type=kotlin.String origin=null
      CALL 'public open fun addView (p0: @[FlexibleNullability] android.view.View?): kotlin.Unit [fake_override] declared in android.widget.LinearLayout' type=kotlin.Unit origin=null
        $this: BLOCK type=android.widget.LinearLayout origin=FOLDED_ELVIS
          WHEN type=android.widget.LinearLayout origin=FOLDED_ELVIS
            BRANCH
              if: COMPOSITE type=kotlin.Boolean origin=null
                VAR IR_TEMPORARY_VARIABLE name:tmp0 type:android.widget.LinearLayout? [val]
                  GET_FIELD 'FIELD PROPERTY_BACKING_FIELD name:recommendedPlaylistsContainer type:android.widget.LinearLayout? visibility:private' type=android.widget.LinearLayout? origin=null
                    receiver: GET_VAR 'this$0: com.example.musicplayer.MainActivity declared in com.example.musicplayer.MainActivity.setupRecommendedPlaylists$lambda$12' type=com.example.musicplayer.MainActivity origin=null
                CALL 'public final fun not (): kotlin.Boolean [operator] declared in kotlin.Boolean' type=kotlin.Boolean origin=null
                  $this: CALL 'public final fun EQEQ (arg0: kotlin.Any?, arg1: kotlin.Any?): kotlin.Boolean declared in kotlin.internal.ir' type=kotlin.Boolean origin=null
                    arg0: GET_VAR 'val tmp0: android.widget.LinearLayout? [val] declared in com.example.musicplayer.MainActivity.setupRecommendedPlaylists$lambda$12' type=android.widget.LinearLayout? origin=null
                    arg1: CONST Null type=kotlin.Nothing? value=null
              then: GET_VAR 'val tmp0: android.widget.LinearLayout? [val] declared in com.example.musicplayer.MainActivity.setupRecommendedPlaylists$lambda$12' type=android.widget.LinearLayout? origin=null
            BRANCH
              if: CONST Boolean type=kotlin.Boolean value=true
              then: BLOCK type=kotlin.Unit origin=null
                CALL 'public final fun throwUninitializedPropertyAccessException (propertyName: kotlin.String): kotlin.Unit declared in kotlin.jvm.internal.Intrinsics' type=kotlin.Unit origin=null
                  propertyName: CONST String type=kotlin.String value="recommendedPlaylistsContainer"
        p0: GET_VAR 'val cardView: androidx.cardview.widget.CardView [val] declared in com.example.musicplayer.MainActivity.setupRecommendedPlaylists$lambda$12' type=androidx.cardview.widget.CardView origin=null

	at org.jetbrains.kotlin.backend.jvm.codegen.FunctionCodegen.generate(FunctionCodegen.kt:47)
	at org.jetbrains.kotlin.backend.jvm.codegen.IrSourceCompilerForInline.generateLambdaBody(IrSourceCompilerForInline.kt:67)
	at org.jetbrains.kotlin.codegen.inline.ExpressionLambda.generateLambdaBody(LambdaInfo.kt:72)
	at org.jetbrains.kotlin.backend.jvm.codegen.IrInlineCodegen.genValueAndPut(IrInlineCodegen.kt:100)
	at org.jetbrains.kotlin.backend.jvm.codegen.ExpressionCodegen.visitCall$handleParameter(ExpressionCodegen.kt:616)
	at org.jetbrains.kotlin.backend.jvm.codegen.ExpressionCodegen.visitCall(ExpressionCodegen.kt:644)
	at org.jetbrains.kotlin.backend.jvm.codegen.ExpressionCodegen.visitCall(ExpressionCodegen.kt:138)
	at org.jetbrains.kotlin.ir.expressions.IrCall.accept(IrCall.kt:24)
	at org.jetbrains.kotlin.backend.jvm.codegen.ExpressionCodegen.visitStatementContainer(ExpressionCodegen.kt:579)
	at org.jetbrains.kotlin.backend.jvm.codegen.ExpressionCodegen.visitBlockBody(ExpressionCodegen.kt:584)
	at org.jetbrains.kotlin.backend.jvm.codegen.ExpressionCodegen.visitBlockBody(ExpressionCodegen.kt:138)
	at org.jetbrains.kotlin.ir.expressions.IrBlockBody.accept(IrBlockBody.kt:20)
	at org.jetbrains.kotlin.backend.jvm.codegen.ExpressionCodegen.generate(ExpressionCodegen.kt:240)
	at org.jetbrains.kotlin.backend.jvm.codegen.FunctionCodegen.doGenerate(FunctionCodegen.kt:123)
	at org.jetbrains.kotlin.backend.jvm.codegen.FunctionCodegen.generate(FunctionCodegen.kt:44)
	... 54 more
Caused by: java.lang.RuntimeException: Exception while generating code for:
FUN INLINE_LAMBDA name:setupRecommendedPlaylists$lambda$12$lambda$11 visibility:private modality:FINAL <> ($receiver:androidx.cardview.widget.CardView, this$0:com.example.musicplayer.MainActivity, $title:kotlin.String, $description:kotlin.String) returnType:kotlin.Unit
  $receiver: VALUE_PARAMETER name:$this$apply type:androidx.cardview.widget.CardView
  VALUE_PARAMETER BOUND_VALUE_PARAMETER name:this$0 index:0 type:com.example.musicplayer.MainActivity
  VALUE_PARAMETER BOUND_VALUE_PARAMETER name:$title index:1 type:kotlin.String
  VALUE_PARAMETER BOUND_VALUE_PARAMETER name:$description index:2 type:kotlin.String
  BLOCK_BODY
    VAR name:$i$a$-apply-MainActivity$setupRecommendedPlaylists$1$cardView$1 type:kotlin.Int [val]
      CONST Int type=kotlin.Int value=0
    CALL 'public open fun setLayoutParams (p0: @[FlexibleNullability] android.view.ViewGroup.LayoutParams?): kotlin.Unit [fake_override] declared in androidx.cardview.widget.CardView' type=kotlin.Unit origin=EQ
      $this: GET_VAR '$this$apply: androidx.cardview.widget.CardView declared in com.example.musicplayer.MainActivity.setupRecommendedPlaylists$lambda$12$lambda$11' type=androidx.cardview.widget.CardView origin=null
      p0: CALL 'public final fun apply <T> (block: @[ExtensionFunctionType] kotlin.Function1<T of kotlin.StandardKt.apply, kotlin.Unit>): T of kotlin.StandardKt.apply [inline] declared in kotlin.StandardKt' type=android.widget.LinearLayout.LayoutParams origin=null
        <T>: android.widget.LinearLayout.LayoutParams
        $receiver: CONSTRUCTOR_CALL 'public constructor <init> (p0: kotlin.Int, p1: kotlin.Int) declared in android.widget.LinearLayout.LayoutParams' type=android.widget.LinearLayout.LayoutParams origin=null
          p0: CONST Int type=kotlin.Int value=-1
          p1: CALL 'public open fun getDimensionPixelSize (p0: kotlin.Int): kotlin.Int declared in android.content.res.Resources' type=kotlin.Int origin=null
            $this: CALL 'public open fun getResources (): @[FlexibleNullability] android.content.res.Resources? [fake_override] declared in androidx.cardview.widget.CardView' type=@[FlexibleNullability] android.content.res.Resources? origin=GET_PROPERTY
              $this: GET_VAR '$this$apply: androidx.cardview.widget.CardView declared in com.example.musicplayer.MainActivity.setupRecommendedPlaylists$lambda$12$lambda$11' type=androidx.cardview.widget.CardView origin=null
            p0: GET_FIELD 'FIELD IR_EXTERNAL_JAVA_DECLARATION_STUB name:playlist_card_height type:kotlin.Int visibility:public [static] declared in com.example.musicplayer.R.dimen' type=kotlin.Int superQualifierSymbol=com.example.musicplayer.R.dimen origin=null
        block: BLOCK type=@[ExtensionFunctionType] kotlin.Function1<android.widget.LinearLayout.LayoutParams, kotlin.Unit> origin=LAMBDA
          COMPOSITE type=kotlin.Unit origin=null
          FUNCTION_REFERENCE 'private final fun setupRecommendedPlaylists$lambda$12$lambda$11$lambda$6 ($this_apply: androidx.cardview.widget.CardView): kotlin.Unit declared in com.example.musicplayer.MainActivity' type=@[ExtensionFunctionType] kotlin.Function1<android.widget.LinearLayout.LayoutParams, kotlin.Unit> origin=INLINE_LAMBDA reflectionTarget=null
            $this_apply: GET_VAR '$this$apply: androidx.cardview.widget.CardView declared in com.example.musicplayer.MainActivity.setupRecommendedPlaylists$lambda$12$lambda$11' type=androidx.cardview.widget.CardView origin=null
    CALL 'public open fun setRadius (p0: kotlin.Float): kotlin.Unit declared in androidx.cardview.widget.CardView' type=kotlin.Unit origin=EQ
      $this: GET_VAR '$this$apply: androidx.cardview.widget.CardView declared in com.example.musicplayer.MainActivity.setupRecommendedPlaylists$lambda$12$lambda$11' type=androidx.cardview.widget.CardView origin=null
      p0: CALL 'public open fun getDimension (p0: kotlin.Int): kotlin.Float declared in android.content.res.Resources' type=kotlin.Float origin=null
        $this: CALL 'public open fun getResources (): @[FlexibleNullability] android.content.res.Resources? [fake_override] declared in androidx.cardview.widget.CardView' type=@[FlexibleNullability] android.content.res.Resources? origin=GET_PROPERTY
          $this: GET_VAR '$this$apply: androidx.cardview.widget.CardView declared in com.example.musicplayer.MainActivity.setupRecommendedPlaylists$lambda$12$lambda$11' type=androidx.cardview.widget.CardView origin=null
        p0: GET_FIELD 'FIELD IR_EXTERNAL_JAVA_DECLARATION_STUB name:playlist_card_radius type:kotlin.Int visibility:public [static] declared in com.example.musicplayer.R.dimen' type=kotlin.Int superQualifierSymbol=com.example.musicplayer.R.dimen origin=null
    CALL 'public open fun setCardElevation (p0: kotlin.Float): kotlin.Unit declared in androidx.cardview.widget.CardView' type=kotlin.Unit origin=EQ
      $this: GET_VAR '$this$apply: androidx.cardview.widget.CardView declared in com.example.musicplayer.MainActivity.setupRecommendedPlaylists$lambda$12$lambda$11' type=androidx.cardview.widget.CardView origin=null
      p0: CALL 'public open fun getDimension (p0: kotlin.Int): kotlin.Float declared in android.content.res.Resources' type=kotlin.Float origin=null
        $this: CALL 'public open fun getResources (): @[FlexibleNullability] android.content.res.Resources? [fake_override] declared in androidx.cardview.widget.CardView' type=@[FlexibleNullability] android.content.res.Resources? origin=GET_PROPERTY
          $this: GET_VAR '$this$apply: androidx.cardview.widget.CardView declared in com.example.musicplayer.MainActivity.setupRecommendedPlaylists$lambda$12$lambda$11' type=androidx.cardview.widget.CardView origin=null
        p0: GET_FIELD 'FIELD IR_EXTERNAL_JAVA_DECLARATION_STUB name:playlist_card_elevation type:kotlin.Int visibility:public [static] declared in com.example.musicplayer.R.dimen' type=kotlin.Int superQualifierSymbol=com.example.musicplayer.R.dimen origin=null
    CALL 'public open fun setCardBackgroundColor (p0: kotlin.Int): kotlin.Unit declared in androidx.cardview.widget.CardView' type=kotlin.Unit origin=null
      $this: GET_VAR '$this$apply: androidx.cardview.widget.CardView declared in com.example.musicplayer.MainActivity.setupRecommendedPlaylists$lambda$12$lambda$11' type=androidx.cardview.widget.CardView origin=null
      p0: CALL 'public open fun getColor (p0: @[EnhancedNullability] android.content.Context, p1: kotlin.Int): kotlin.Int declared in androidx.core.content.ContextCompat' type=kotlin.Int origin=null
        p0: GET_VAR 'this$0: com.example.musicplayer.MainActivity declared in com.example.musicplayer.MainActivity.setupRecommendedPlaylists$lambda$12$lambda$11' type=com.example.musicplayer.MainActivity origin=null
        p1: GET_FIELD 'FIELD IR_EXTERNAL_JAVA_DECLARATION_STUB name:primary_medium type:kotlin.Int visibility:public [static] declared in com.example.musicplayer.R.color' type=kotlin.Int superQualifierSymbol=com.example.musicplayer.R.color origin=null
    VAR name:layout type:android.widget.LinearLayout [val]
      CALL 'public final fun apply <T> (block: @[ExtensionFunctionType] kotlin.Function1<T of kotlin.StandardKt.apply, kotlin.Unit>): T of kotlin.StandardKt.apply [inline] declared in kotlin.StandardKt' type=android.widget.LinearLayout origin=null
        <T>: android.widget.LinearLayout
        $receiver: CONSTRUCTOR_CALL 'public constructor <init> (p0: @[FlexibleNullability] android.content.Context?) declared in android.widget.LinearLayout' type=android.widget.LinearLayout origin=null
          p0: GET_VAR 'this$0: com.example.musicplayer.MainActivity declared in com.example.musicplayer.MainActivity.setupRecommendedPlaylists$lambda$12$lambda$11' type=com.example.musicplayer.MainActivity origin=null
        block: BLOCK type=@[ExtensionFunctionType] kotlin.Function1<android.widget.LinearLayout, kotlin.Unit> origin=LAMBDA
          COMPOSITE type=kotlin.Unit origin=null
          FUNCTION_REFERENCE 'private final fun setupRecommendedPlaylists$lambda$12$lambda$11$lambda$9 (this$0: com.example.musicplayer.MainActivity, $title: kotlin.String, $description: kotlin.String): kotlin.Unit declared in com.example.musicplayer.MainActivity' type=@[ExtensionFunctionType] kotlin.Function1<android.widget.LinearLayout, kotlin.Unit> origin=INLINE_LAMBDA reflectionTarget=null
            this$0: GET_VAR 'this$0: com.example.musicplayer.MainActivity declared in com.example.musicplayer.MainActivity.setupRecommendedPlaylists$lambda$12$lambda$11' type=com.example.musicplayer.MainActivity origin=null
            $title: GET_VAR '$title: kotlin.String declared in com.example.musicplayer.MainActivity.setupRecommendedPlaylists$lambda$12$lambda$11' type=kotlin.String origin=null
            $description: GET_VAR '$description: kotlin.String declared in com.example.musicplayer.MainActivity.setupRecommendedPlaylists$lambda$12$lambda$11' type=kotlin.String origin=null
    CALL 'public open fun addView (p0: @[FlexibleNullability] android.view.View?): kotlin.Unit [fake_override] declared in androidx.cardview.widget.CardView' type=kotlin.Unit origin=null
      $this: GET_VAR '$this$apply: androidx.cardview.widget.CardView declared in com.example.musicplayer.MainActivity.setupRecommendedPlaylists$lambda$12$lambda$11' type=androidx.cardview.widget.CardView origin=null
      p0: GET_VAR 'val layout: android.widget.LinearLayout [val] declared in com.example.musicplayer.MainActivity.setupRecommendedPlaylists$lambda$12$lambda$11' type=android.widget.LinearLayout origin=null
    CALL 'public open fun setOnClickListener (p0: @[EnhancedNullability] android.view.View.OnClickListener?): kotlin.Unit [fake_override] declared in androidx.cardview.widget.CardView' type=kotlin.Unit origin=null
      $this: GET_VAR '$this$apply: androidx.cardview.widget.CardView declared in com.example.musicplayer.MainActivity.setupRecommendedPlaylists$lambda$12$lambda$11' type=androidx.cardview.widget.CardView origin=null
      p0: BLOCK type=android.view.View.OnClickListener origin=LAMBDA
        COMPOSITE type=kotlin.Unit origin=null
        CALL 'public final fun <jvm-indy> <T> (dynamicCall: T of kotlin.jvm.internal.<jvm-indy>, bootstrapMethodHandle: kotlin.Any, vararg bootstrapMethodArguments: kotlin.Any): T of kotlin.jvm.internal.<jvm-indy> declared in kotlin.jvm.internal' type=android.view.View.OnClickListener origin=null
          <T>: android.view.View.OnClickListener
          dynamicCall: CALL 'public final fun onClick (p0: com.example.musicplayer.MainActivity, p1: kotlin.String): android.view.View.OnClickListener declared in kotlin.jvm.internal.invokeDynamic' type=android.view.View.OnClickListener origin=null
            p0: GET_VAR 'this$0: com.example.musicplayer.MainActivity declared in com.example.musicplayer.MainActivity.setupRecommendedPlaylists$lambda$12$lambda$11' type=com.example.musicplayer.MainActivity origin=null
            p1: GET_VAR '$title: kotlin.String declared in com.example.musicplayer.MainActivity.setupRecommendedPlaylists$lambda$12$lambda$11' type=kotlin.String origin=null
          bootstrapMethodHandle: CALL 'public final fun <jvm-method-handle> (tag: kotlin.Int, owner: kotlin.String, name: kotlin.String, descriptor: kotlin.String, isInterface: kotlin.Boolean): kotlin.Any declared in kotlin.jvm.internal' type=kotlin.Any origin=null
            tag: CONST Int type=kotlin.Int value=6
            owner: CONST String type=kotlin.String value="java/lang/invoke/LambdaMetafactory"
            name: CONST String type=kotlin.String value="metafactory"
            descriptor: CONST String type=kotlin.String value="(Ljava/lang/invoke/MethodHandles$Lookup;Ljava/lang/String;Ljava/lang/invoke/MethodType;Ljava/lang/invoke/MethodType;Ljava/lang/invoke/MethodHandle;Ljava/lang/invoke/MethodType;)Ljava/lang/invoke/CallSite;"
            isInterface: CONST Boolean type=kotlin.Boolean value=false
          bootstrapMethodArguments: VARARG type=kotlin.Array<kotlin.Any> varargElementType=kotlin.Any
            CALL 'public final fun <jvm-original-method-type> (method: kotlin.Any): kotlin.Any declared in kotlin.jvm.internal' type=kotlin.Any origin=null
              method: RAW_FUNCTION_REFERENCE 'public abstract fun onClick (p0: @[FlexibleNullability] android.view.View?): kotlin.Unit declared in android.view.View.OnClickListener' type=kotlin.Any
            RAW_FUNCTION_REFERENCE 'private final fun setupRecommendedPlaylists$lambda$12$lambda$11$lambda$10 (this$0: com.example.musicplayer.MainActivity, $title: kotlin.String, it: @[FlexibleNullability] android.view.View?): kotlin.Unit declared in com.example.musicplayer.MainActivity' type=kotlin.Any
            CALL 'public final fun <jvm-original-method-type> (method: kotlin.Any): kotlin.Any declared in kotlin.jvm.internal' type=kotlin.Any origin=null
              method: RAW_FUNCTION_REFERENCE 'public abstract fun onClick (p0: @[FlexibleNullability] android.view.View?): kotlin.Unit [fake_override] declared in kotlin.jvm.internal.invokeDynamic.<fake>' type=kotlin.Any

	at org.jetbrains.kotlin.backend.jvm.codegen.FunctionCodegen.generate(FunctionCodegen.kt:47)
	at org.jetbrains.kotlin.backend.jvm.codegen.IrSourceCompilerForInline.generateLambdaBody(IrSourceCompilerForInline.kt:67)
	at org.jetbrains.kotlin.codegen.inline.ExpressionLambda.generateLambdaBody(LambdaInfo.kt:72)
	at org.jetbrains.kotlin.backend.jvm.codegen.IrInlineCodegen.genValueAndPut(IrInlineCodegen.kt:100)
	at org.jetbrains.kotlin.backend.jvm.codegen.ExpressionCodegen.visitCall$handleParameter(ExpressionCodegen.kt:616)
	at org.jetbrains.kotlin.backend.jvm.codegen.ExpressionCodegen.visitCall(ExpressionCodegen.kt:644)
	at org.jetbrains.kotlin.backend.jvm.codegen.ExpressionCodegen.visitCall(ExpressionCodegen.kt:138)
	at org.jetbrains.kotlin.ir.expressions.IrCall.accept(IrCall.kt:24)
	at org.jetbrains.kotlin.backend.jvm.codegen.ExpressionCodegen.visitVariable(ExpressionCodegen.kt:790)
	at org.jetbrains.kotlin.backend.jvm.codegen.ExpressionCodegen.visitVariable(ExpressionCodegen.kt:138)
	at org.jetbrains.kotlin.ir.declarations.IrVariable.accept(IrVariable.kt:36)
	at org.jetbrains.kotlin.backend.jvm.codegen.ExpressionCodegen.visitStatementContainer(ExpressionCodegen.kt:579)
	at org.jetbrains.kotlin.backend.jvm.codegen.ExpressionCodegen.visitContainerExpression(ExpressionCodegen.kt:593)
	at org.jetbrains.kotlin.backend.jvm.codegen.ExpressionCodegen.visitContainerExpression(ExpressionCodegen.kt:138)
	at org.jetbrains.kotlin.ir.visitors.IrElementVisitor$DefaultImpls.visitBlock(IrElementVisitor.kt:122)
	at org.jetbrains.kotlin.backend.jvm.codegen.ExpressionCodegen.visitBlock(ExpressionCodegen.kt:413)
	at org.jetbrains.kotlin.backend.jvm.codegen.ExpressionCodegen.visitBlock(ExpressionCodegen.kt:138)
	at org.jetbrains.kotlin.ir.expressions.IrBlock.accept(IrBlock.kt:18)
	at org.jetbrains.kotlin.backend.jvm.codegen.ExpressionCodegen.visitStatementContainer(ExpressionCodegen.kt:579)
	at org.jetbrains.kotlin.backend.jvm.codegen.ExpressionCodegen.visitBlockBody(ExpressionCodegen.kt:584)
	at org.jetbrains.kotlin.backend.jvm.codegen.ExpressionCodegen.visitBlockBody(ExpressionCodegen.kt:138)
	at org.jetbrains.kotlin.ir.expressions.IrBlockBody.accept(IrBlockBody.kt:20)
	at org.jetbrains.kotlin.backend.jvm.codegen.ExpressionCodegen.generate(ExpressionCodegen.kt:240)
	at org.jetbrains.kotlin.backend.jvm.codegen.FunctionCodegen.doGenerate(FunctionCodegen.kt:123)
	at org.jetbrains.kotlin.backend.jvm.codegen.FunctionCodegen.generate(FunctionCodegen.kt:44)
	... 68 more
Caused by: java.lang.RuntimeException: Exception while generating code for:
FUN INLINE_LAMBDA name:setupRecommendedPlaylists$lambda$12$lambda$11$lambda$9 visibility:private modality:FINAL <> ($receiver:android.widget.LinearLayout, this$0:com.example.musicplayer.MainActivity, $title:kotlin.String, $description:kotlin.String) returnType:kotlin.Unit
  $receiver: VALUE_PARAMETER name:$this$apply type:android.widget.LinearLayout
  VALUE_PARAMETER BOUND_VALUE_PARAMETER name:this$0 index:0 type:com.example.musicplayer.MainActivity
  VALUE_PARAMETER BOUND_VALUE_PARAMETER name:$title index:1 type:kotlin.String
  VALUE_PARAMETER BOUND_VALUE_PARAMETER name:$description index:2 type:kotlin.String
  BLOCK_BODY
    VAR name:$i$a$-apply-MainActivity$setupRecommendedPlaylists$1$cardView$1$layout$1 type:kotlin.Int [val]
      CONST Int type=kotlin.Int value=0
    CALL 'public open fun setOrientation (p0: kotlin.Int): kotlin.Unit declared in android.widget.LinearLayout' type=kotlin.Unit origin=EQ
      $this: GET_VAR '$this$apply: android.widget.LinearLayout declared in com.example.musicplayer.MainActivity.setupRecommendedPlaylists$lambda$12$lambda$11$lambda$9' type=android.widget.LinearLayout origin=null
      p0: CONST Int type=kotlin.Int value=1
    CALL 'public open fun setPadding (p0: kotlin.Int, p1: kotlin.Int, p2: kotlin.Int, p3: kotlin.Int): kotlin.Unit [fake_override] declared in android.widget.LinearLayout' type=kotlin.Unit origin=null
      $this: GET_VAR '$this$apply: android.widget.LinearLayout declared in com.example.musicplayer.MainActivity.setupRecommendedPlaylists$lambda$12$lambda$11$lambda$9' type=android.widget.LinearLayout origin=null
      p0: CALL 'public open fun getDimensionPixelSize (p0: kotlin.Int): kotlin.Int declared in android.content.res.Resources' type=kotlin.Int origin=null
        $this: CALL 'public open fun getResources (): @[FlexibleNullability] android.content.res.Resources? [fake_override] declared in android.widget.LinearLayout' type=@[FlexibleNullability] android.content.res.Resources? origin=GET_PROPERTY
          $this: GET_VAR '$this$apply: android.widget.LinearLayout declared in com.example.musicplayer.MainActivity.setupRecommendedPlaylists$lambda$12$lambda$11$lambda$9' type=android.widget.LinearLayout origin=null
        p0: GET_FIELD 'FIELD IR_EXTERNAL_JAVA_DECLARATION_STUB name:playlist_padding type:kotlin.Int visibility:public [static] declared in com.example.musicplayer.R.dimen' type=kotlin.Int superQualifierSymbol=com.example.musicplayer.R.dimen origin=null
      p1: CALL 'public open fun getDimensionPixelSize (p0: kotlin.Int): kotlin.Int declared in android.content.res.Resources' type=kotlin.Int origin=null
        $this: CALL 'public open fun getResources (): @[FlexibleNullability] android.content.res.Resources? [fake_override] declared in android.widget.LinearLayout' type=@[FlexibleNullability] android.content.res.Resources? origin=GET_PROPERTY
          $this: GET_VAR '$this$apply: android.widget.LinearLayout declared in com.example.musicplayer.MainActivity.setupRecommendedPlaylists$lambda$12$lambda$11$lambda$9' type=android.widget.LinearLayout origin=null
        p0: GET_FIELD 'FIELD IR_EXTERNAL_JAVA_DECLARATION_STUB name:playlist_padding type:kotlin.Int visibility:public [static] declared in com.example.musicplayer.R.dimen' type=kotlin.Int superQualifierSymbol=com.example.musicplayer.R.dimen origin=null
      p2: CALL 'public open fun getDimensionPixelSize (p0: kotlin.Int): kotlin.Int declared in android.content.res.Resources' type=kotlin.Int origin=null
        $this: CALL 'public open fun getResources (): @[FlexibleNullability] android.content.res.Resources? [fake_override] declared in android.widget.LinearLayout' type=@[FlexibleNullability] android.content.res.Resources? origin=GET_PROPERTY
          $this: GET_VAR '$this$apply: android.widget.LinearLayout declared in com.example.musicplayer.MainActivity.setupRecommendedPlaylists$lambda$12$lambda$11$lambda$9' type=android.widget.LinearLayout origin=null
        p0: GET_FIELD 'FIELD IR_EXTERNAL_JAVA_DECLARATION_STUB name:playlist_padding type:kotlin.Int visibility:public [static] declared in com.example.musicplayer.R.dimen' type=kotlin.Int superQualifierSymbol=com.example.musicplayer.R.dimen origin=null
      p3: CALL 'public open fun getDimensionPixelSize (p0: kotlin.Int): kotlin.Int declared in android.content.res.Resources' type=kotlin.Int origin=null
        $this: CALL 'public open fun getResources (): @[FlexibleNullability] android.content.res.Resources? [fake_override] declared in android.widget.LinearLayout' type=@[FlexibleNullability] android.content.res.Resources? origin=GET_PROPERTY
          $this: GET_VAR '$this$apply: android.widget.LinearLayout declared in com.example.musicplayer.MainActivity.setupRecommendedPlaylists$lambda$12$lambda$11$lambda$9' type=android.widget.LinearLayout origin=null
        p0: GET_FIELD 'FIELD IR_EXTERNAL_JAVA_DECLARATION_STUB name:playlist_padding type:kotlin.Int visibility:public [static] declared in com.example.musicplayer.R.dimen' type=kotlin.Int superQualifierSymbol=com.example.musicplayer.R.dimen origin=null
    VAR name:titleView type:android.widget.TextView [val]
      CALL 'public final fun apply <T> (block: @[ExtensionFunctionType] kotlin.Function1<T of kotlin.StandardKt.apply, kotlin.Unit>): T of kotlin.StandardKt.apply [inline] declared in kotlin.StandardKt' type=android.widget.TextView origin=null
        <T>: android.widget.TextView
        $receiver: CONSTRUCTOR_CALL 'public constructor <init> (p0: @[FlexibleNullability] android.content.Context?) declared in android.widget.TextView' type=android.widget.TextView origin=null
          p0: GET_VAR 'this$0: com.example.musicplayer.MainActivity declared in com.example.musicplayer.MainActivity.setupRecommendedPlaylists$lambda$12$lambda$11$lambda$9' type=com.example.musicplayer.MainActivity origin=null
        block: BLOCK type=@[ExtensionFunctionType] kotlin.Function1<android.widget.TextView, kotlin.Unit> origin=LAMBDA
          COMPOSITE type=kotlin.Unit origin=null
          FUNCTION_REFERENCE 'private final fun setupRecommendedPlaylists$lambda$12$lambda$11$lambda$9$lambda$7 ($title: kotlin.String, this$0: com.example.musicplayer.MainActivity): kotlin.Unit declared in com.example.musicplayer.MainActivity' type=@[ExtensionFunctionType] kotlin.Function1<android.widget.TextView, kotlin.Unit> origin=INLINE_LAMBDA reflectionTarget=null
            $title: GET_VAR '$title: kotlin.String declared in com.example.musicplayer.MainActivity.setupRecommendedPlaylists$lambda$12$lambda$11$lambda$9' type=kotlin.String origin=null
            this$0: GET_VAR 'this$0: com.example.musicplayer.MainActivity declared in com.example.musicplayer.MainActivity.setupRecommendedPlaylists$lambda$12$lambda$11$lambda$9' type=com.example.musicplayer.MainActivity origin=null
    VAR name:descView type:android.widget.TextView [val]
      CALL 'public final fun apply <T> (block: @[ExtensionFunctionType] kotlin.Function1<T of kotlin.StandardKt.apply, kotlin.Unit>): T of kotlin.StandardKt.apply [inline] declared in kotlin.StandardKt' type=android.widget.TextView origin=null
        <T>: android.widget.TextView
        $receiver: CONSTRUCTOR_CALL 'public constructor <init> (p0: @[FlexibleNullability] android.content.Context?) declared in android.widget.TextView' type=android.widget.TextView origin=null
          p0: GET_VAR 'this$0: com.example.musicplayer.MainActivity declared in com.example.musicplayer.MainActivity.setupRecommendedPlaylists$lambda$12$lambda$11$lambda$9' type=com.example.musicplayer.MainActivity origin=null
        block: BLOCK type=@[ExtensionFunctionType] kotlin.Function1<android.widget.TextView, kotlin.Unit> origin=LAMBDA
          COMPOSITE type=kotlin.Unit origin=null
          FUNCTION_REFERENCE 'private final fun setupRecommendedPlaylists$lambda$12$lambda$11$lambda$9$lambda$8 ($description: kotlin.String, this$0: com.example.musicplayer.MainActivity): kotlin.Unit declared in com.example.musicplayer.MainActivity' type=@[ExtensionFunctionType] kotlin.Function1<android.widget.TextView, kotlin.Unit> origin=INLINE_LAMBDA reflectionTarget=null
            $description: GET_VAR '$description: kotlin.String declared in com.example.musicplayer.MainActivity.setupRecommendedPlaylists$lambda$12$lambda$11$lambda$9' type=kotlin.String origin=null
            this$0: GET_VAR 'this$0: com.example.musicplayer.MainActivity declared in com.example.musicplayer.MainActivity.setupRecommendedPlaylists$lambda$12$lambda$11$lambda$9' type=com.example.musicplayer.MainActivity origin=null
    CALL 'public open fun addView (p0: @[FlexibleNullability] android.view.View?): kotlin.Unit [fake_override] declared in android.widget.LinearLayout' type=kotlin.Unit origin=null
      $this: GET_VAR '$this$apply: android.widget.LinearLayout declared in com.example.musicplayer.MainActivity.setupRecommendedPlaylists$lambda$12$lambda$11$lambda$9' type=android.widget.LinearLayout origin=null
      p0: GET_VAR 'val titleView: android.widget.TextView [val] declared in com.example.musicplayer.MainActivity.setupRecommendedPlaylists$lambda$12$lambda$11$lambda$9' type=android.widget.TextView origin=null
    CALL 'public open fun addView (p0: @[FlexibleNullability] android.view.View?): kotlin.Unit [fake_override] declared in android.widget.LinearLayout' type=kotlin.Unit origin=null
      $this: GET_VAR '$this$apply: android.widget.LinearLayout declared in com.example.musicplayer.MainActivity.setupRecommendedPlaylists$lambda$12$lambda$11$lambda$9' type=android.widget.LinearLayout origin=null
      p0: GET_VAR 'val descView: android.widget.TextView [val] declared in com.example.musicplayer.MainActivity.setupRecommendedPlaylists$lambda$12$lambda$11$lambda$9' type=android.widget.TextView origin=null

	at org.jetbrains.kotlin.backend.jvm.codegen.FunctionCodegen.generate(FunctionCodegen.kt:47)
	at org.jetbrains.kotlin.backend.jvm.codegen.IrSourceCompilerForInline.generateLambdaBody(IrSourceCompilerForInline.kt:67)
	at org.jetbrains.kotlin.codegen.inline.ExpressionLambda.generateLambdaBody(LambdaInfo.kt:72)
	at org.jetbrains.kotlin.backend.jvm.codegen.IrInlineCodegen.genValueAndPut(IrInlineCodegen.kt:100)
	at org.jetbrains.kotlin.backend.jvm.codegen.ExpressionCodegen.visitCall$handleParameter(ExpressionCodegen.kt:616)
	at org.jetbrains.kotlin.backend.jvm.codegen.ExpressionCodegen.visitCall(ExpressionCodegen.kt:644)
	at org.jetbrains.kotlin.backend.jvm.codegen.ExpressionCodegen.visitCall(ExpressionCodegen.kt:138)
	at org.jetbrains.kotlin.ir.expressions.IrCall.accept(IrCall.kt:24)
	at org.jetbrains.kotlin.backend.jvm.codegen.ExpressionCodegen.visitVariable(ExpressionCodegen.kt:790)
	at org.jetbrains.kotlin.backend.jvm.codegen.ExpressionCodegen.visitVariable(ExpressionCodegen.kt:138)
	at org.jetbrains.kotlin.ir.declarations.IrVariable.accept(IrVariable.kt:36)
	at org.jetbrains.kotlin.backend.jvm.codegen.ExpressionCodegen.visitStatementContainer(ExpressionCodegen.kt:579)
	at org.jetbrains.kotlin.backend.jvm.codegen.ExpressionCodegen.visitBlockBody(ExpressionCodegen.kt:584)
	at org.jetbrains.kotlin.backend.jvm.codegen.ExpressionCodegen.visitBlockBody(ExpressionCodegen.kt:138)
	at org.jetbrains.kotlin.ir.expressions.IrBlockBody.accept(IrBlockBody.kt:20)
	at org.jetbrains.kotlin.backend.jvm.codegen.ExpressionCodegen.generate(ExpressionCodegen.kt:240)
	at org.jetbrains.kotlin.backend.jvm.codegen.FunctionCodegen.doGenerate(FunctionCodegen.kt:123)
	at org.jetbrains.kotlin.backend.jvm.codegen.FunctionCodegen.generate(FunctionCodegen.kt:44)
	... 92 more
Caused by: java.lang.RuntimeException: Exception while generating code for:
FUN INLINE_LAMBDA name:setupRecommendedPlaylists$lambda$12$lambda$11$lambda$9$lambda$7 visibility:private modality:FINAL <> ($receiver:android.widget.TextView, $title:kotlin.String, this$0:com.example.musicplayer.MainActivity) returnType:kotlin.Unit
  $receiver: VALUE_PARAMETER name:$this$apply type:android.widget.TextView
  VALUE_PARAMETER BOUND_VALUE_PARAMETER name:$title index:0 type:kotlin.String
  VALUE_PARAMETER BOUND_VALUE_PARAMETER name:this$0 index:1 type:com.example.musicplayer.MainActivity
  BLOCK_BODY
    VAR name:$i$a$-apply-MainActivity$setupRecommendedPlaylists$1$cardView$1$layout$1$titleView$1 type:kotlin.Int [val]
      CONST Int type=kotlin.Int value=0
    CALL 'public final fun setText (p0: @[FlexibleNullability] kotlin.CharSequence?): kotlin.Unit declared in android.widget.TextView' type=kotlin.Unit origin=EQ
      $this: GET_VAR '$this$apply: android.widget.TextView declared in com.example.musicplayer.MainActivity.setupRecommendedPlaylists$lambda$12$lambda$11$lambda$9$lambda$7' type=android.widget.TextView origin=null
      p0: GET_VAR '$title: kotlin.String declared in com.example.musicplayer.MainActivity.setupRecommendedPlaylists$lambda$12$lambda$11$lambda$9$lambda$7' type=kotlin.String origin=null
    CALL 'public open fun setTextColor (p0: kotlin.Int): kotlin.Unit declared in android.widget.TextView' type=kotlin.Unit origin=null
      $this: GET_VAR '$this$apply: android.widget.TextView declared in com.example.musicplayer.MainActivity.setupRecommendedPlaylists$lambda$12$lambda$11$lambda$9$lambda$7' type=android.widget.TextView origin=null
      p0: CALL 'public open fun getColor (p0: @[EnhancedNullability] android.content.Context, p1: kotlin.Int): kotlin.Int declared in androidx.core.content.ContextCompat' type=kotlin.Int origin=null
        p0: GET_VAR 'this$0: com.example.musicplayer.MainActivity declared in com.example.musicplayer.MainActivity.setupRecommendedPlaylists$lambda$12$lambda$11$lambda$9$lambda$7' type=com.example.musicplayer.MainActivity origin=null
        p1: GET_FIELD 'FIELD IR_EXTERNAL_JAVA_DECLARATION_STUB name:text_primary type:kotlin.Int visibility:public [static] declared in com.example.musicplayer.R.color' type=kotlin.Int superQualifierSymbol=com.example.musicplayer.R.color origin=null
    CALL 'public open fun setTextSize (p0: kotlin.Float): kotlin.Unit declared in android.widget.TextView' type=kotlin.Unit origin=EQ
      $this: GET_VAR '$this$apply: android.widget.TextView declared in com.example.musicplayer.MainActivity.setupRecommendedPlaylists$lambda$12$lambda$11$lambda$9$lambda$7' type=android.widget.TextView origin=null
      p0: CONST Float type=kotlin.Float value=16.0
    SET_FIELD 'FIELD IR_EXTERNAL_JAVA_DECLARATION_STUB name:textStyle type:kotlin.Int visibility:public [final,static] declared in android.R.attr' type=kotlin.Unit superQualifierSymbol=android.R.attr origin=EQ
      value: CONST Int type=kotlin.Int value=1

	at org.jetbrains.kotlin.backend.jvm.codegen.FunctionCodegen.generate(FunctionCodegen.kt:47)
	at org.jetbrains.kotlin.backend.jvm.codegen.IrSourceCompilerForInline.generateLambdaBody(IrSourceCompilerForInline.kt:67)
	at org.jetbrains.kotlin.codegen.inline.ExpressionLambda.generateLambdaBody(LambdaInfo.kt:72)
	at org.jetbrains.kotlin.backend.jvm.codegen.IrInlineCodegen.genValueAndPut(IrInlineCodegen.kt:100)
	at org.jetbrains.kotlin.backend.jvm.codegen.ExpressionCodegen.visitCall$handleParameter(ExpressionCodegen.kt:616)
	at org.jetbrains.kotlin.backend.jvm.codegen.ExpressionCodegen.visitCall(ExpressionCodegen.kt:644)
	at org.jetbrains.kotlin.backend.jvm.codegen.ExpressionCodegen.visitCall(ExpressionCodegen.kt:138)
	at org.jetbrains.kotlin.ir.expressions.IrCall.accept(IrCall.kt:24)
	at org.jetbrains.kotlin.backend.jvm.codegen.ExpressionCodegen.visitVariable(ExpressionCodegen.kt:790)
	at org.jetbrains.kotlin.backend.jvm.codegen.ExpressionCodegen.visitVariable(ExpressionCodegen.kt:138)
	at org.jetbrains.kotlin.ir.declarations.IrVariable.accept(IrVariable.kt:36)
	at org.jetbrains.kotlin.backend.jvm.codegen.ExpressionCodegen.visitStatementContainer(ExpressionCodegen.kt:579)
	at org.jetbrains.kotlin.backend.jvm.codegen.ExpressionCodegen.visitBlockBody(ExpressionCodegen.kt:584)
	at org.jetbrains.kotlin.backend.jvm.codegen.ExpressionCodegen.visitBlockBody(ExpressionCodegen.kt:138)
	at org.jetbrains.kotlin.ir.expressions.IrBlockBody.accept(IrBlockBody.kt:20)
	at org.jetbrains.kotlin.backend.jvm.codegen.ExpressionCodegen.generate(ExpressionCodegen.kt:240)
	at org.jetbrains.kotlin.backend.jvm.codegen.FunctionCodegen.doGenerate(FunctionCodegen.kt:123)
	at org.jetbrains.kotlin.backend.jvm.codegen.FunctionCodegen.generate(FunctionCodegen.kt:44)
	... 109 more
Caused by: java.lang.AssertionError: access of const val: SET_FIELD 'FIELD IR_EXTERNAL_JAVA_DECLARATION_STUB name:textStyle type:kotlin.Int visibility:public [final,static] declared in android.R.attr' type=kotlin.Unit superQualifierSymbol=android.R.attr origin=EQ
  value: CONST Int type=kotlin.Int value=1

	at org.jetbrains.kotlin.backend.jvm.codegen.ExpressionCodegen.visitFieldAccess(ExpressionCodegen.kt:861)
	at org.jetbrains.kotlin.backend.jvm.codegen.ExpressionCodegen.visitFieldAccess(ExpressionCodegen.kt:138)
	at org.jetbrains.kotlin.ir.visitors.IrElementVisitor$DefaultImpls.visitSetField(IrElementVisitor.kt:206)
	at org.jetbrains.kotlin.backend.jvm.codegen.ExpressionCodegen.visitSetField(ExpressionCodegen.kt:908)
	at org.jetbrains.kotlin.backend.jvm.codegen.ExpressionCodegen.visitSetField(ExpressionCodegen.kt:138)
	at org.jetbrains.kotlin.ir.expressions.IrSetField.accept(IrSetField.kt:21)
	at org.jetbrains.kotlin.backend.jvm.codegen.ExpressionCodegen.visitStatementContainer(ExpressionCodegen.kt:579)
	at org.jetbrains.kotlin.backend.jvm.codegen.ExpressionCodegen.visitBlockBody(ExpressionCodegen.kt:584)
	at org.jetbrains.kotlin.backend.jvm.codegen.ExpressionCodegen.visitBlockBody(ExpressionCodegen.kt:138)
	at org.jetbrains.kotlin.ir.expressions.IrBlockBody.accept(IrBlockBody.kt:20)
	at org.jetbrains.kotlin.backend.jvm.codegen.ExpressionCodegen.generate(ExpressionCodegen.kt:240)
	at org.jetbrains.kotlin.backend.jvm.codegen.FunctionCodegen.doGenerate(FunctionCodegen.kt:123)
	at org.jetbrains.kotlin.backend.jvm.codegen.FunctionCodegen.generate(FunctionCodegen.kt:44)
	... 126 more


